
Showing logs for build [32mcb-kubecd-environment-pr-205-29-7vzn2-1[0m stage [32mfrom-build-pack[0m and container [32mstep-credential-initializer-sf4tf[0m
{"level":"info","ts":1587228186.8622787,"logger":"fallback-logger","caller":"logging/config.go:69","msg":"Fetch GitHub commit ID from kodata failed: open /var/run/ko/refs/heads/0.8.0-ns-support: no such file or directory"}
{"level":"info","ts":1587228186.8628209,"logger":"fallback-logger","caller":"creds-init/main.go:40","msg":"Credentials initialized."}

Showing logs for build [32mcb-kubecd-environment-pr-205-29-7vzn2-1[0m stage [32mfrom-build-pack[0m and container [32mstep-working-dir-initializer-zwrtj[0m
{"level":"info","ts":1587228187.2225173,"logger":"fallback-logger","caller":"logging/config.go:69","msg":"Fetch GitHub commit ID from kodata failed: open /var/run/ko/HEAD: no such file or directory"}
{"level":"info","ts":1587228187.2242293,"logger":"fallback-logger","caller":"bash/main.go:64","msg":"Successfully executed command \"sh -c mkdir -p /workspace/source\"; output "}

Showing logs for build [32mcb-kubecd-environment-pr-205-29-7vzn2-1[0m stage [32mfrom-build-pack[0m and container [32mstep-place-tools[0m

Showing logs for build [32mcb-kubecd-environment-pr-205-29-7vzn2-1[0m stage [32mfrom-build-pack[0m and container [32mstep-git-source-cb-kubecd-environment-pr-205-29-7vzn2-jz68d[0m
{"level":"info","ts":1587228191.2687829,"logger":"fallback-logger","caller":"logging/config.go:69","msg":"Fetch GitHub commit ID from kodata failed: open /var/run/ko/refs/heads/0.8.0-ns-support: no such file or directory"}
{"level":"info","ts":1587228192.2970335,"logger":"fallback-logger","caller":"git/git.go:103","msg":"Successfully cloned https://github.com/cb-kubecd/environment-pr-205-29-boot-gke-production.git @ master in path /workspace/source"}

Showing logs for build [32mcb-kubecd-environment-pr-205-29-7vzn2-1[0m stage [32mfrom-build-pack[0m and container [32mstep-git-merge[0m
Using SHAs from PULL_REFS=master:a0c0b1b49c035d9f2f3dfb91f27ae7f718a064a8,1:9c84b24949fd970998272017ab1efdfe1f177819
DEBUG: JX_LOG_LEVEL=error LC_ALL=C git fetch origin --unshallow 9c84b24949fd970998272017ab1efdfe1f177819: a0c0b1b49c035d9f2f3dfb91f27ae7f718a064a8:
DEBUG: ran git fetch --unshallow origin 9c84b24949fd970998272017ab1efdfe1f177819: a0c0b1b49c035d9f2f3dfb91f27ae7f718a064a8: in 
DEBUG: LC_ALL=C JX_LOG_LEVEL=error git branch
DEBUG: LC_ALL=C JX_LOG_LEVEL=error git checkout master
DEBUG: ran git checkout master in 
DEBUG: LC_ALL=C JX_LOG_LEVEL=error git reset --hard a0c0b1b49c035d9f2f3dfb91f27ae7f718a064a8
DEBUG: ran git reset --hard a0c0b1b49c035d9f2f3dfb91f27ae7f718a064a8 in 
DEBUG: JX_LOG_LEVEL=error LC_ALL=C git clean -fd .
DEBUG: ran clean --force -d . in 
DEBUG: JX_LOG_LEVEL=error LC_ALL=C git merge 9c84b24949fd970998272017ab1efdfe1f177819
DEBUG: ran git merge 9c84b24949fd970998272017ab1efdfe1f177819 in 
DEBUG: LC_ALL=C JX_LOG_LEVEL=error git log --format=%H%x1f%an%x1f%ae%x1f%cn%x1f%ce%x1f%s%n%b%x1e a0c0b1b49c035d9f2f3dfb91f27ae7f718a064a8..HEAD
Merged SHA 9c84b24949fd970998272017ab1efdfe1f177819 with commit message 'chore: Promote bdd-spring-1587227246 to version 0.0.1' into base branch master

Showing logs for build [32mcb-kubecd-environment-pr-205-29-7vzn2-1[0m stage [32mfrom-build-pack[0m and container [32mstep-build-helm-build[0m
WARNING: No $CHART_REPOSITORY defined so using the default value of: http://jenkins-x-chartmuseum:8080
Adding missing Helm repo: storage.googleapis.com https://storage.googleapis.com/chartmuseum.jenkins-x.io
WARNING: No secrets found on "helm/repos" due: reading the secret "helm/repos" from vault: no secret "helm/repos" not found in vault
Read credentials for https://storage.googleapis.com/chartmuseum.jenkins-x.io from vault helm/repos
Successfully added Helm repository storage.googleapis.com.
Adding missing Helm repo: jenkins-x-chartmuseum http://jenkins-x-chartmuseum:8080
WARNING: No secrets found on "helm/repos" due: reading the secret "helm/repos" from vault: no secret "helm/repos" not found in vault
Read credentials for http://jenkins-x-chartmuseum:8080 from vault helm/repos
Successfully added Helm repository jenkins-x-chartmuseum.
WARNING: No $CHART_REPOSITORY defined so using the default value of: http://jenkins-x-chartmuseum:8080
Adding missing Helm repo: chartmuseum.jenkins-x.io http://chartmuseum.jenkins-x.io
WARNING: No secrets found on "helm/repos" due: reading the secret "helm/repos" from vault: no secret "helm/repos" not found in vault
Read credentials for http://chartmuseum.jenkins-x.io from vault helm/repos
Successfully added Helm repository chartmuseum.jenkins-x.io.
